2022-08-31 12:30:29,567 [Worker-1: Loading available Gradle versions] INFO  o.e.b.c.i.u.g.PublishedGradleVersions - Gradle version information cache is up-to-date. Trying to read.
2022-08-31 12:37:21,826 [Worker-8: Enabling Maven Dependency Management] INFO  o.e.m.c.i.l.LifecycleMappingFactory - Using org.maven.ide.eclipse.wtp.WarLifecycleMapping lifecycle mapping for MavenProject: web0829:web0829:0.0.1-SNAPSHOT @ D:\OneDrive-LSC\SLAcademy\JSP_LS_1\web0829\pom.xml.
2022-08-31 12:37:23,402 [Worker-8: Enabling Maven Dependency Management] INFO  o.e.m.j.i.AbstractJavaProjectConfigurator - Adding source folder /web0829/src/main/java
2022-08-31 12:37:23,403 [Worker-8: Enabling Maven Dependency Management] INFO  o.e.m.j.i.AbstractJavaProjectConfigurator - Adding source folder /web0829/src/test/java
2022-08-31 12:37:24,435 [Worker-18: Building] WARN  o.e.m.c.i.embedder.EclipseLogger - Using platform encoding (MS949 actually) to copy filtered resources, i.e. build is platform dependent!
2022-08-31 12:37:24,437 [Worker-18: Building] INFO  o.e.m.c.i.embedder.EclipseLogger - skip non existing resourceDirectory D:\OneDrive-LSC\SLAcademy\JSP_LS_1\web0829\src\main\resources
2022-08-31 12:37:24,444 [Worker-18: Building] WARN  o.e.m.c.i.embedder.EclipseLogger - Using platform encoding (MS949 actually) to copy filtered resources, i.e. build is platform dependent!
2022-08-31 12:37:24,445 [Worker-18: Building] INFO  o.e.m.c.i.embedder.EclipseLogger - skip non existing resourceDirectory D:\OneDrive-LSC\SLAcademy\JSP_LS_1\web0829\src\test\resources
2022-08-31 12:37:24,637 [Worker-8: Enabling Maven Dependency Management] INFO  o.e.m.c.i.p.ProjectConfigurationManager - Update started
2022-08-31 12:37:25,135 [Worker-8: Enabling Maven Dependency Management] INFO  o.e.m.c.i.l.LifecycleMappingFactory - Using org.maven.ide.eclipse.wtp.WarLifecycleMapping lifecycle mapping for MavenProject: web0829:web0829:0.0.1-SNAPSHOT @ D:\OneDrive-LSC\SLAcademy\JSP_LS_1\web0829\pom.xml.
2022-08-31 12:37:26,522 [Worker-8: Enabling Maven Dependency Management] INFO  o.e.m.j.i.AbstractJavaProjectConfigurator - Adding source folder /web0829/src/main/java
2022-08-31 12:37:26,523 [Worker-8: Enabling Maven Dependency Management] INFO  o.e.m.j.i.AbstractJavaProjectConfigurator - Adding source folder /web0829/src/test/java
2022-08-31 12:37:26,841 [Worker-8: Enabling Maven Dependency Management] INFO  o.e.m.w.i.f.ResourceFilteringBuildParticipant - Cleaning filtered folder for web0829
2022-08-31 12:37:26,847 [Worker-8: Enabling Maven Dependency Management] INFO  o.e.m.c.i.p.ProjectConfigurationManager - Update completed: 2 sec
2022-08-31 12:37:27,317 [Worker-14: Building] WARN  o.e.m.c.i.embedder.EclipseLogger - Using platform encoding (MS949 actually) to copy filtered resources, i.e. build is platform dependent!
2022-08-31 12:37:27,318 [Worker-14: Building] INFO  o.e.m.c.i.embedder.EclipseLogger - skip non existing resourceDirectory D:\OneDrive-LSC\SLAcademy\JSP_LS_1\web0829\src\main\resources
2022-08-31 12:37:27,321 [Worker-14: Building] WARN  o.e.m.c.i.embedder.EclipseLogger - Using platform encoding (MS949 actually) to copy filtered resources, i.e. build is platform dependent!
2022-08-31 12:37:27,322 [Worker-14: Building] INFO  o.e.m.c.i.embedder.EclipseLogger - skip non existing resourceDirectory D:\OneDrive-LSC\SLAcademy\JSP_LS_1\web0829\src\test\resources
2022-08-31 12:37:27,322 [Worker-14: Building] INFO  o.e.m.w.i.f.ResourceFilteringBuildParticipant - Changed resources require a complete clean of filtered resources of web0829
2022-08-31 12:37:27,323 [Worker-14: Building] INFO  o.e.m.w.i.f.ResourceFilteringBuildParticipant - Executing resource filtering for web0829
2022-08-31 12:37:27,344 [Worker-14: Building] WARN  o.e.m.c.i.embedder.EclipseLogger - The POM for org.apache.maven.plugins:maven-clean-plugin:jar:2.5 is missing, no dependency information available
2022-08-31 12:37:27,391 [Worker-14: Building] WARN  o.e.m.c.i.embedder.EclipseLogger - Using platform encoding (MS949 actually) to copy filtered resources, i.e. build is platform dependent!
2022-08-31 12:37:35,928 [Worker-23: Building] INFO  o.e.m.c.i.l.LifecycleMappingFactory - Using org.maven.ide.eclipse.wtp.WarLifecycleMapping lifecycle mapping for MavenProject: web0829:web0829:0.0.1-SNAPSHOT @ D:\OneDrive-LSC\SLAcademy\JSP_LS_1\web0829\pom.xml.
2022-08-31 12:37:36,635 [Worker-23: Building] WARN  o.e.m.c.i.embedder.EclipseLogger - Using platform encoding (MS949 actually) to copy filtered resources, i.e. build is platform dependent!
2022-08-31 12:37:36,636 [Worker-23: Building] INFO  o.e.m.c.i.embedder.EclipseLogger - skip non existing resourceDirectory D:\OneDrive-LSC\SLAcademy\JSP_LS_1\web0829\src\main\resources
2022-08-31 12:37:36,639 [Worker-23: Building] WARN  o.e.m.c.i.embedder.EclipseLogger - Using platform encoding (MS949 actually) to copy filtered resources, i.e. build is platform dependent!
2022-08-31 12:37:36,640 [Worker-23: Building] INFO  o.e.m.c.i.embedder.EclipseLogger - skip non existing resourceDirectory D:\OneDrive-LSC\SLAcademy\JSP_LS_1\web0829\src\test\resources
2022-08-31 12:37:36,640 [Worker-23: Building] INFO  o.e.m.w.i.f.ResourceFilteringBuildParticipant - Changed resources require a complete clean of filtered resources of web0829
2022-08-31 12:37:36,640 [Worker-23: Building] INFO  o.e.m.w.i.f.ResourceFilteringBuildParticipant - Executing resource filtering for web0829
2022-08-31 12:37:36,647 [Worker-23: Building] WARN  o.e.m.c.i.embedder.EclipseLogger - Using platform encoding (MS949 actually) to copy filtered resources, i.e. build is platform dependent!
2022-08-31 12:37:37,827 [Worker-10: Building] WARN  o.e.m.c.i.embedder.EclipseLogger - Using platform encoding (MS949 actually) to copy filtered resources, i.e. build is platform dependent!
2022-08-31 12:37:37,828 [Worker-10: Building] INFO  o.e.m.c.i.embedder.EclipseLogger - skip non existing resourceDirectory D:\OneDrive-LSC\SLAcademy\JSP_LS_1\web0829\src\main\resources
2022-08-31 12:37:37,830 [Worker-10: Building] WARN  o.e.m.c.i.embedder.EclipseLogger - Using platform encoding (MS949 actually) to copy filtered resources, i.e. build is platform dependent!
2022-08-31 12:37:37,831 [Worker-10: Building] INFO  o.e.m.c.i.embedder.EclipseLogger - skip non existing resourceDirectory D:\OneDrive-LSC\SLAcademy\JSP_LS_1\web0829\src\test\resources
2022-08-31 12:38:15,809 [Worker-0: Building] WARN  o.e.m.c.i.embedder.EclipseLogger - Using platform encoding (MS949 actually) to copy filtered resources, i.e. build is platform dependent!
2022-08-31 12:38:15,810 [Worker-0: Building] INFO  o.e.m.c.i.embedder.EclipseLogger - skip non existing resourceDirectory D:\OneDrive-LSC\SLAcademy\JSP_LS_1\web0829\src\main\resources
2022-08-31 12:38:15,812 [Worker-0: Building] WARN  o.e.m.c.i.embedder.EclipseLogger - Using platform encoding (MS949 actually) to copy filtered resources, i.e. build is platform dependent!
2022-08-31 12:38:15,812 [Worker-0: Building] INFO  o.e.m.c.i.embedder.EclipseLogger - skip non existing resourceDirectory D:\OneDrive-LSC\SLAcademy\JSP_LS_1\web0829\src\test\resources
2022-08-31 12:39:05,892 [Worker-9: Building] WARN  o.e.m.c.i.embedder.EclipseLogger - Using platform encoding (MS949 actually) to copy filtered resources, i.e. build is platform dependent!
2022-08-31 12:39:05,893 [Worker-9: Building] INFO  o.e.m.c.i.embedder.EclipseLogger - skip non existing resourceDirectory D:\OneDrive-LSC\SLAcademy\JSP_LS_1\web0829\src\main\resources
2022-08-31 12:39:05,895 [Worker-9: Building] WARN  o.e.m.c.i.embedder.EclipseLogger - Using platform encoding (MS949 actually) to copy filtered resources, i.e. build is platform dependent!
2022-08-31 12:39:05,896 [Worker-9: Building] INFO  o.e.m.c.i.embedder.EclipseLogger - skip non existing resourceDirectory D:\OneDrive-LSC\SLAcademy\JSP_LS_1\web0829\src\test\resources
2022-08-31 12:39:13,077 [Worker-1: Building] WARN  o.e.m.c.i.embedder.EclipseLogger - Using platform encoding (MS949 actually) to copy filtered resources, i.e. build is platform dependent!
2022-08-31 12:39:13,078 [Worker-1: Building] INFO  o.e.m.c.i.embedder.EclipseLogger - skip non existing resourceDirectory D:\OneDrive-LSC\SLAcademy\JSP_LS_1\web0829\src\main\resources
2022-08-31 12:39:13,080 [Worker-1: Building] WARN  o.e.m.c.i.embedder.EclipseLogger - Using platform encoding (MS949 actually) to copy filtered resources, i.e. build is platform dependent!
2022-08-31 12:39:13,081 [Worker-1: Building] INFO  o.e.m.c.i.embedder.EclipseLogger - skip non existing resourceDirectory D:\OneDrive-LSC\SLAcademy\JSP_LS_1\web0829\src\test\resources
2022-08-31 12:39:33,989 [Worker-11: Building] WARN  o.e.m.c.i.embedder.EclipseLogger - Using platform encoding (MS949 actually) to copy filtered resources, i.e. build is platform dependent!
2022-08-31 12:39:33,989 [Worker-11: Building] INFO  o.e.m.c.i.embedder.EclipseLogger - skip non existing resourceDirectory D:\OneDrive-LSC\SLAcademy\JSP_LS_1\web0829\src\main\resources
2022-08-31 12:39:33,991 [Worker-11: Building] WARN  o.e.m.c.i.embedder.EclipseLogger - Using platform encoding (MS949 actually) to copy filtered resources, i.e. build is platform dependent!
2022-08-31 12:39:33,991 [Worker-11: Building] INFO  o.e.m.c.i.embedder.EclipseLogger - skip non existing resourceDirectory D:\OneDrive-LSC\SLAcademy\JSP_LS_1\web0829\src\test\resources
2022-08-31 12:43:12,762 [Worker-5: Building] WARN  o.e.m.c.i.embedder.EclipseLogger - Using platform encoding (MS949 actually) to copy filtered resources, i.e. build is platform dependent!
2022-08-31 12:43:12,763 [Worker-5: Building] INFO  o.e.m.c.i.embedder.EclipseLogger - skip non existing resourceDirectory D:\OneDrive-LSC\SLAcademy\JSP_LS_1\web0829\src\main\resources
2022-08-31 12:43:12,765 [Worker-5: Building] WARN  o.e.m.c.i.embedder.EclipseLogger - Using platform encoding (MS949 actually) to copy filtered resources, i.e. build is platform dependent!
2022-08-31 12:43:12,766 [Worker-5: Building] INFO  o.e.m.c.i.embedder.EclipseLogger - skip non existing resourceDirectory D:\OneDrive-LSC\SLAcademy\JSP_LS_1\web0829\src\test\resources
2022-08-31 12:43:30,916 [Worker-21: Building] WARN  o.e.m.c.i.embedder.EclipseLogger - Using platform encoding (MS949 actually) to copy filtered resources, i.e. build is platform dependent!
2022-08-31 12:43:30,917 [Worker-21: Building] INFO  o.e.m.c.i.embedder.EclipseLogger - skip non existing resourceDirectory D:\OneDrive-LSC\SLAcademy\JSP_LS_1\web0829\src\main\resources
2022-08-31 12:43:30,919 [Worker-21: Building] WARN  o.e.m.c.i.embedder.EclipseLogger - Using platform encoding (MS949 actually) to copy filtered resources, i.e. build is platform dependent!
2022-08-31 12:43:30,919 [Worker-21: Building] INFO  o.e.m.c.i.embedder.EclipseLogger - skip non existing resourceDirectory D:\OneDrive-LSC\SLAcademy\JSP_LS_1\web0829\src\test\resources
2022-08-31 12:43:39,344 [Worker-11: Building] WARN  o.e.m.c.i.embedder.EclipseLogger - Using platform encoding (MS949 actually) to copy filtered resources, i.e. build is platform dependent!
2022-08-31 12:43:39,345 [Worker-11: Building] INFO  o.e.m.c.i.embedder.EclipseLogger - skip non existing resourceDirectory D:\OneDrive-LSC\SLAcademy\JSP_LS_1\web0829\src\main\resources
2022-08-31 12:43:39,347 [Worker-11: Building] WARN  o.e.m.c.i.embedder.EclipseLogger - Using platform encoding (MS949 actually) to copy filtered resources, i.e. build is platform dependent!
2022-08-31 12:43:39,347 [Worker-11: Building] INFO  o.e.m.c.i.embedder.EclipseLogger - skip non existing resourceDirectory D:\OneDrive-LSC\SLAcademy\JSP_LS_1\web0829\src\test\resources
2022-08-31 12:44:16,817 [Worker-23: Building] WARN  o.e.m.c.i.embedder.EclipseLogger - Using platform encoding (MS949 actually) to copy filtered resources, i.e. build is platform dependent!
2022-08-31 12:44:16,818 [Worker-23: Building] INFO  o.e.m.c.i.embedder.EclipseLogger - skip non existing resourceDirectory D:\OneDrive-LSC\SLAcademy\JSP_LS_1\web0829\src\main\resources
2022-08-31 12:44:16,819 [Worker-23: Building] WARN  o.e.m.c.i.embedder.EclipseLogger - Using platform encoding (MS949 actually) to copy filtered resources, i.e. build is platform dependent!
2022-08-31 12:44:16,820 [Worker-23: Building] INFO  o.e.m.c.i.embedder.EclipseLogger - skip non existing resourceDirectory D:\OneDrive-LSC\SLAcademy\JSP_LS_1\web0829\src\test\resources
2022-08-31 12:44:29,355 [Worker-21: Building] WARN  o.e.m.c.i.embedder.EclipseLogger - Using platform encoding (MS949 actually) to copy filtered resources, i.e. build is platform dependent!
2022-08-31 12:44:29,356 [Worker-21: Building] INFO  o.e.m.c.i.embedder.EclipseLogger - skip non existing resourceDirectory D:\OneDrive-LSC\SLAcademy\JSP_LS_1\web0829\src\main\resources
2022-08-31 12:44:29,357 [Worker-21: Building] WARN  o.e.m.c.i.embedder.EclipseLogger - Using platform encoding (MS949 actually) to copy filtered resources, i.e. build is platform dependent!
2022-08-31 12:44:29,358 [Worker-21: Building] INFO  o.e.m.c.i.embedder.EclipseLogger - skip non existing resourceDirectory D:\OneDrive-LSC\SLAcademy\JSP_LS_1\web0829\src\test\resources
2022-08-31 12:44:38,834 [Worker-16: Building] WARN  o.e.m.c.i.embedder.EclipseLogger - Using platform encoding (MS949 actually) to copy filtered resources, i.e. build is platform dependent!
2022-08-31 12:44:38,835 [Worker-16: Building] INFO  o.e.m.c.i.embedder.EclipseLogger - skip non existing resourceDirectory D:\OneDrive-LSC\SLAcademy\JSP_LS_1\web0829\src\main\resources
2022-08-31 12:44:38,836 [Worker-16: Building] WARN  o.e.m.c.i.embedder.EclipseLogger - Using platform encoding (MS949 actually) to copy filtered resources, i.e. build is platform dependent!
2022-08-31 12:44:38,837 [Worker-16: Building] INFO  o.e.m.c.i.embedder.EclipseLogger - skip non existing resourceDirectory D:\OneDrive-LSC\SLAcademy\JSP_LS_1\web0829\src\test\resources
2022-08-31 12:45:16,630 [Worker-6: Building] WARN  o.e.m.c.i.embedder.EclipseLogger - Using platform encoding (MS949 actually) to copy filtered resources, i.e. build is platform dependent!
2022-08-31 12:45:16,631 [Worker-6: Building] INFO  o.e.m.c.i.embedder.EclipseLogger - skip non existing resourceDirectory D:\OneDrive-LSC\SLAcademy\JSP_LS_1\web0829\src\main\resources
2022-08-31 12:45:16,633 [Worker-6: Building] WARN  o.e.m.c.i.embedder.EclipseLogger - Using platform encoding (MS949 actually) to copy filtered resources, i.e. build is platform dependent!
2022-08-31 12:45:16,635 [Worker-6: Building] INFO  o.e.m.c.i.embedder.EclipseLogger - skip non existing resourceDirectory D:\OneDrive-LSC\SLAcademy\JSP_LS_1\web0829\src\test\resources
2022-08-31 12:45:24,392 [Worker-4: Building] WARN  o.e.m.c.i.embedder.EclipseLogger - Using platform encoding (MS949 actually) to copy filtered resources, i.e. build is platform dependent!
2022-08-31 12:45:24,393 [Worker-4: Building] INFO  o.e.m.c.i.embedder.EclipseLogger - skip non existing resourceDirectory D:\OneDrive-LSC\SLAcademy\JSP_LS_1\web0829\src\main\resources
2022-08-31 12:45:24,395 [Worker-4: Building] WARN  o.e.m.c.i.embedder.EclipseLogger - Using platform encoding (MS949 actually) to copy filtered resources, i.e. build is platform dependent!
2022-08-31 12:45:24,396 [Worker-4: Building] INFO  o.e.m.c.i.embedder.EclipseLogger - skip non existing resourceDirectory D:\OneDrive-LSC\SLAcademy\JSP_LS_1\web0829\src\test\resources
2022-08-31 12:46:47,188 [Worker-11: Building] WARN  o.e.m.c.i.embedder.EclipseLogger - Using platform encoding (MS949 actually) to copy filtered resources, i.e. build is platform dependent!
2022-08-31 12:46:47,189 [Worker-11: Building] INFO  o.e.m.c.i.embedder.EclipseLogger - skip non existing resourceDirectory D:\OneDrive-LSC\SLAcademy\JSP_LS_1\web0829\src\main\resources
2022-08-31 12:46:47,191 [Worker-11: Building] WARN  o.e.m.c.i.embedder.EclipseLogger - Using platform encoding (MS949 actually) to copy filtered resources, i.e. build is platform dependent!
2022-08-31 12:46:47,192 [Worker-11: Building] INFO  o.e.m.c.i.embedder.EclipseLogger - skip non existing resourceDirectory D:\OneDrive-LSC\SLAcademy\JSP_LS_1\web0829\src\test\resources
2022-08-31 12:46:51,103 [Worker-19: Building] WARN  o.e.m.c.i.embedder.EclipseLogger - Using platform encoding (MS949 actually) to copy filtered resources, i.e. build is platform dependent!
2022-08-31 12:46:51,104 [Worker-19: Building] INFO  o.e.m.c.i.embedder.EclipseLogger - skip non existing resourceDirectory D:\OneDrive-LSC\SLAcademy\JSP_LS_1\web0829\src\main\resources
2022-08-31 12:46:51,106 [Worker-19: Building] WARN  o.e.m.c.i.embedder.EclipseLogger - Using platform encoding (MS949 actually) to copy filtered resources, i.e. build is platform dependent!
2022-08-31 12:46:51,107 [Worker-19: Building] INFO  o.e.m.c.i.embedder.EclipseLogger - skip non existing resourceDirectory D:\OneDrive-LSC\SLAcademy\JSP_LS_1\web0829\src\test\resources
2022-08-31 12:47:01,975 [Worker-9: Building] WARN  o.e.m.c.i.embedder.EclipseLogger - Using platform encoding (MS949 actually) to copy filtered resources, i.e. build is platform dependent!
2022-08-31 12:47:01,976 [Worker-9: Building] INFO  o.e.m.c.i.embedder.EclipseLogger - skip non existing resourceDirectory D:\OneDrive-LSC\SLAcademy\JSP_LS_1\web0829\src\main\resources
2022-08-31 12:47:01,977 [Worker-9: Building] WARN  o.e.m.c.i.embedder.EclipseLogger - Using platform encoding (MS949 actually) to copy filtered resources, i.e. build is platform dependent!
2022-08-31 12:47:01,978 [Worker-9: Building] INFO  o.e.m.c.i.embedder.EclipseLogger - skip non existing resourceDirectory D:\OneDrive-LSC\SLAcademy\JSP_LS_1\web0829\src\test\resources
2022-08-31 12:47:27,935 [Worker-18: Building] WARN  o.e.m.c.i.embedder.EclipseLogger - Using platform encoding (MS949 actually) to copy filtered resources, i.e. build is platform dependent!
2022-08-31 12:47:27,936 [Worker-18: Building] INFO  o.e.m.c.i.embedder.EclipseLogger - skip non existing resourceDirectory D:\OneDrive-LSC\SLAcademy\JSP_LS_1\web0829\src\main\resources
2022-08-31 12:47:27,937 [Worker-18: Building] WARN  o.e.m.c.i.embedder.EclipseLogger - Using platform encoding (MS949 actually) to copy filtered resources, i.e. build is platform dependent!
2022-08-31 12:47:27,938 [Worker-18: Building] INFO  o.e.m.c.i.embedder.EclipseLogger - skip non existing resourceDirectory D:\OneDrive-LSC\SLAcademy\JSP_LS_1\web0829\src\test\resources
2022-08-31 12:49:00,195 [Worker-22: Building] WARN  o.e.m.c.i.embedder.EclipseLogger - Using platform encoding (MS949 actually) to copy filtered resources, i.e. build is platform dependent!
2022-08-31 12:49:00,196 [Worker-22: Building] INFO  o.e.m.c.i.embedder.EclipseLogger - skip non existing resourceDirectory D:\OneDrive-LSC\SLAcademy\JSP_LS_1\web0829\src\main\resources
2022-08-31 12:49:00,197 [Worker-22: Building] WARN  o.e.m.c.i.embedder.EclipseLogger - Using platform encoding (MS949 actually) to copy filtered resources, i.e. build is platform dependent!
2022-08-31 12:49:00,198 [Worker-22: Building] INFO  o.e.m.c.i.embedder.EclipseLogger - skip non existing resourceDirectory D:\OneDrive-LSC\SLAcademy\JSP_LS_1\web0829\src\test\resources
2022-08-31 12:54:10,418 [Worker-5: Building] WARN  o.e.m.c.i.embedder.EclipseLogger - Using platform encoding (MS949 actually) to copy filtered resources, i.e. build is platform dependent!
2022-08-31 12:54:10,419 [Worker-5: Building] INFO  o.e.m.c.i.embedder.EclipseLogger - skip non existing resourceDirectory D:\OneDrive-LSC\SLAcademy\JSP_LS_1\web0829\src\main\resources
2022-08-31 12:54:10,420 [Worker-5: Building] WARN  o.e.m.c.i.embedder.EclipseLogger - Using platform encoding (MS949 actually) to copy filtered resources, i.e. build is platform dependent!
2022-08-31 12:54:10,421 [Worker-5: Building] INFO  o.e.m.c.i.embedder.EclipseLogger - skip non existing resourceDirectory D:\OneDrive-LSC\SLAcademy\JSP_LS_1\web0829\src\test\resources
2022-08-31 12:54:14,147 [Worker-18: Building] WARN  o.e.m.c.i.embedder.EclipseLogger - Using platform encoding (MS949 actually) to copy filtered resources, i.e. build is platform dependent!
2022-08-31 12:54:14,148 [Worker-18: Building] INFO  o.e.m.c.i.embedder.EclipseLogger - skip non existing resourceDirectory D:\OneDrive-LSC\SLAcademy\JSP_LS_1\web0829\src\main\resources
2022-08-31 12:54:14,149 [Worker-18: Building] WARN  o.e.m.c.i.embedder.EclipseLogger - Using platform encoding (MS949 actually) to copy filtered resources, i.e. build is platform dependent!
2022-08-31 12:54:14,149 [Worker-18: Building] INFO  o.e.m.c.i.embedder.EclipseLogger - skip non existing resourceDirectory D:\OneDrive-LSC\SLAcademy\JSP_LS_1\web0829\src\test\resources
2022-08-31 12:58:21,340 [Worker-0: Building] WARN  o.e.m.c.i.embedder.EclipseLogger - Using platform encoding (MS949 actually) to copy filtered resources, i.e. build is platform dependent!
2022-08-31 12:58:21,341 [Worker-0: Building] INFO  o.e.m.c.i.embedder.EclipseLogger - skip non existing resourceDirectory D:\OneDrive-LSC\SLAcademy\JSP_LS_1\web0829\src\main\resources
2022-08-31 12:58:21,343 [Worker-0: Building] WARN  o.e.m.c.i.embedder.EclipseLogger - Using platform encoding (MS949 actually) to copy filtered resources, i.e. build is platform dependent!
2022-08-31 12:58:21,343 [Worker-0: Building] INFO  o.e.m.c.i.embedder.EclipseLogger - skip non existing resourceDirectory D:\OneDrive-LSC\SLAcademy\JSP_LS_1\web0829\src\test\resources
2022-08-31 13:10:51,594 [Worker-5: Building] WARN  o.e.m.c.i.embedder.EclipseLogger - Using platform encoding (MS949 actually) to copy filtered resources, i.e. build is platform dependent!
2022-08-31 13:10:51,595 [Worker-5: Building] INFO  o.e.m.c.i.embedder.EclipseLogger - skip non existing resourceDirectory D:\OneDrive-LSC\SLAcademy\JSP_LS_1\web0829\src\main\resources
2022-08-31 13:10:51,596 [Worker-5: Building] WARN  o.e.m.c.i.embedder.EclipseLogger - Using platform encoding (MS949 actually) to copy filtered resources, i.e. build is platform dependent!
2022-08-31 13:10:51,597 [Worker-5: Building] INFO  o.e.m.c.i.embedder.EclipseLogger - skip non existing resourceDirectory D:\OneDrive-LSC\SLAcademy\JSP_LS_1\web0829\src\test\resources
2022-08-31 13:16:11,829 [Worker-8: Building] WARN  o.e.m.c.i.embedder.EclipseLogger - Using platform encoding (MS949 actually) to copy filtered resources, i.e. build is platform dependent!
2022-08-31 13:16:11,830 [Worker-8: Building] INFO  o.e.m.c.i.embedder.EclipseLogger - skip non existing resourceDirectory D:\OneDrive-LSC\SLAcademy\JSP_LS_1\web0829\src\main\resources
2022-08-31 13:16:11,832 [Worker-8: Building] WARN  o.e.m.c.i.embedder.EclipseLogger - Using platform encoding (MS949 actually) to copy filtered resources, i.e. build is platform dependent!
2022-08-31 13:16:11,833 [Worker-8: Building] INFO  o.e.m.c.i.embedder.EclipseLogger - skip non existing resourceDirectory D:\OneDrive-LSC\SLAcademy\JSP_LS_1\web0829\src\test\resources
2022-08-31 13:47:16,331 [Worker-20: Building] INFO  o.e.m.c.i.l.LifecycleMappingFactory - Using org.maven.ide.eclipse.wtp.WarLifecycleMapping lifecycle mapping for MavenProject: web0829:web0829:0.0.1-SNAPSHOT @ D:\OneDrive-LSC\SLAcademy\JSP_LS_1\web0829\pom.xml.
2022-08-31 13:47:17,300 [Worker-20: Building] WARN  o.e.m.c.i.embedder.EclipseLogger - Using platform encoding (MS949 actually) to copy filtered resources, i.e. build is platform dependent!
2022-08-31 13:47:17,301 [Worker-20: Building] INFO  o.e.m.c.i.embedder.EclipseLogger - skip non existing resourceDirectory D:\OneDrive-LSC\SLAcademy\JSP_LS_1\web0829\src\main\resources
2022-08-31 13:47:17,303 [Worker-20: Building] WARN  o.e.m.c.i.embedder.EclipseLogger - Using platform encoding (MS949 actually) to copy filtered resources, i.e. build is platform dependent!
2022-08-31 13:47:17,303 [Worker-20: Building] INFO  o.e.m.c.i.embedder.EclipseLogger - skip non existing resourceDirectory D:\OneDrive-LSC\SLAcademy\JSP_LS_1\web0829\src\test\resources
2022-08-31 13:47:17,944 [Worker-6: Updating Maven Dependencies] INFO  o.e.m.c.i.l.LifecycleMappingFactory - Using org.maven.ide.eclipse.wtp.WarLifecycleMapping lifecycle mapping for MavenProject: web0829:web0829:0.0.1-SNAPSHOT @ D:\OneDrive-LSC\SLAcademy\JSP_LS_1\web0829\pom.xml.
2022-08-31 13:47:18,776 [Worker-10: Building] WARN  o.e.m.c.i.embedder.EclipseLogger - Using platform encoding (MS949 actually) to copy filtered resources, i.e. build is platform dependent!
2022-08-31 13:47:18,777 [Worker-10: Building] INFO  o.e.m.c.i.embedder.EclipseLogger - skip non existing resourceDirectory D:\OneDrive-LSC\SLAcademy\JSP_LS_1\web0829\src\main\resources
2022-08-31 13:47:18,778 [Worker-10: Building] WARN  o.e.m.c.i.embedder.EclipseLogger - Using platform encoding (MS949 actually) to copy filtered resources, i.e. build is platform dependent!
2022-08-31 13:47:18,779 [Worker-10: Building] INFO  o.e.m.c.i.embedder.EclipseLogger - skip non existing resourceDirectory D:\OneDrive-LSC\SLAcademy\JSP_LS_1\web0829\src\test\resources
2022-08-31 14:26:23,374 [Worker-3: Loading available Gradle versions] INFO  o.e.b.c.i.u.g.PublishedGradleVersions - Gradle version information cache is up-to-date. Trying to read.
2022-08-31 14:26:30,695 [Worker-1: Building] WARN  o.e.m.c.i.embedder.EclipseLogger - Using platform encoding (MS949 actually) to copy filtered resources, i.e. build is platform dependent!
2022-08-31 14:26:30,713 [Worker-1: Building] INFO  o.e.m.c.i.embedder.EclipseLogger - skip non existing resourceDirectory D:\OneDrive-LSC\SLAcademy\JSP_LS_1\web0829\src\main\resources
2022-08-31 14:26:30,716 [Worker-1: Building] WARN  o.e.m.c.i.embedder.EclipseLogger - Using platform encoding (MS949 actually) to copy filtered resources, i.e. build is platform dependent!
2022-08-31 14:26:30,717 [Worker-1: Building] INFO  o.e.m.c.i.embedder.EclipseLogger - skip non existing resourceDirectory D:\OneDrive-LSC\SLAcademy\JSP_LS_1\web0829\src\test\resources
2022-08-31 14:26:32,748 [Worker-10: Building] WARN  o.e.m.c.i.embedder.EclipseLogger - Using platform encoding (MS949 actually) to copy filtered resources, i.e. build is platform dependent!
2022-08-31 14:26:32,749 [Worker-10: Building] INFO  o.e.m.c.i.embedder.EclipseLogger - skip non existing resourceDirectory D:\OneDrive-LSC\SLAcademy\JSP_LS_1\web0829\src\main\resources
2022-08-31 14:26:32,751 [Worker-10: Building] WARN  o.e.m.c.i.embedder.EclipseLogger - Using platform encoding (MS949 actually) to copy filtered resources, i.e. build is platform dependent!
2022-08-31 14:26:32,753 [Worker-10: Building] INFO  o.e.m.c.i.embedder.EclipseLogger - skip non existing resourceDirectory D:\OneDrive-LSC\SLAcademy\JSP_LS_1\web0829\src\test\resources
2022-08-31 14:26:46,280 [Worker-4: Building] WARN  o.e.m.c.i.embedder.EclipseLogger - Using platform encoding (MS949 actually) to copy filtered resources, i.e. build is platform dependent!
2022-08-31 14:26:46,281 [Worker-4: Building] INFO  o.e.m.c.i.embedder.EclipseLogger - skip non existing resourceDirectory D:\OneDrive-LSC\SLAcademy\JSP_LS_1\web0829\src\main\resources
2022-08-31 14:26:46,283 [Worker-4: Building] WARN  o.e.m.c.i.embedder.EclipseLogger - Using platform encoding (MS949 actually) to copy filtered resources, i.e. build is platform dependent!
2022-08-31 14:26:46,284 [Worker-4: Building] INFO  o.e.m.c.i.embedder.EclipseLogger - skip non existing resourceDirectory D:\OneDrive-LSC\SLAcademy\JSP_LS_1\web0829\src\test\resources
2022-08-31 14:27:00,084 [Worker-10: Building] WARN  o.e.m.c.i.embedder.EclipseLogger - Using platform encoding (MS949 actually) to copy filtered resources, i.e. build is platform dependent!
2022-08-31 14:27:00,085 [Worker-10: Building] INFO  o.e.m.c.i.embedder.EclipseLogger - skip non existing resourceDirectory D:\OneDrive-LSC\SLAcademy\JSP_LS_1\web0829\src\main\resources
2022-08-31 14:27:00,086 [Worker-10: Building] WARN  o.e.m.c.i.embedder.EclipseLogger - Using platform encoding (MS949 actually) to copy filtered resources, i.e. build is platform dependent!
2022-08-31 14:27:00,087 [Worker-10: Building] INFO  o.e.m.c.i.embedder.EclipseLogger - skip non existing resourceDirectory D:\OneDrive-LSC\SLAcademy\JSP_LS_1\web0829\src\test\resources
2022-08-31 14:27:07,811 [Worker-2: Building] WARN  o.e.m.c.i.embedder.EclipseLogger - Using platform encoding (MS949 actually) to copy filtered resources, i.e. build is platform dependent!
2022-08-31 14:27:07,812 [Worker-2: Building] INFO  o.e.m.c.i.embedder.EclipseLogger - skip non existing resourceDirectory D:\OneDrive-LSC\SLAcademy\JSP_LS_1\web0829\src\main\resources
2022-08-31 14:27:07,814 [Worker-2: Building] WARN  o.e.m.c.i.embedder.EclipseLogger - Using platform encoding (MS949 actually) to copy filtered resources, i.e. build is platform dependent!
2022-08-31 14:27:07,816 [Worker-2: Building] INFO  o.e.m.c.i.embedder.EclipseLogger - skip non existing resourceDirectory D:\OneDrive-LSC\SLAcademy\JSP_LS_1\web0829\src\test\resources
2022-08-31 14:27:11,928 [Worker-7: Building] WARN  o.e.m.c.i.embedder.EclipseLogger - Using platform encoding (MS949 actually) to copy filtered resources, i.e. build is platform dependent!
2022-08-31 14:27:11,929 [Worker-7: Building] INFO  o.e.m.c.i.embedder.EclipseLogger - skip non existing resourceDirectory D:\OneDrive-LSC\SLAcademy\JSP_LS_1\web0829\src\main\resources
2022-08-31 14:27:11,931 [Worker-7: Building] WARN  o.e.m.c.i.embedder.EclipseLogger - Using platform encoding (MS949 actually) to copy filtered resources, i.e. build is platform dependent!
2022-08-31 14:27:11,932 [Worker-7: Building] INFO  o.e.m.c.i.embedder.EclipseLogger - skip non existing resourceDirectory D:\OneDrive-LSC\SLAcademy\JSP_LS_1\web0829\src\test\resources
2022-08-31 14:31:33,239 [Worker-4: Building] WARN  o.e.m.c.i.embedder.EclipseLogger - Using platform encoding (MS949 actually) to copy filtered resources, i.e. build is platform dependent!
2022-08-31 14:31:33,239 [Worker-4: Building] INFO  o.e.m.c.i.embedder.EclipseLogger - skip non existing resourceDirectory D:\OneDrive-LSC\SLAcademy\JSP_LS_1\web0829\src\main\resources
2022-08-31 14:31:33,241 [Worker-4: Building] WARN  o.e.m.c.i.embedder.EclipseLogger - Using platform encoding (MS949 actually) to copy filtered resources, i.e. build is platform dependent!
2022-08-31 14:31:33,242 [Worker-4: Building] INFO  o.e.m.c.i.embedder.EclipseLogger - skip non existing resourceDirectory D:\OneDrive-LSC\SLAcademy\JSP_LS_1\web0829\src\test\resources
